{"C:\\Users\\TheWanderlustBoy93\\Desktop\\SGUnited\\Week 8\\covid19-tracker-app-express\\middleware\\protectRoute.js": {"path":"C:\\Users\\TheWanderlustBoy93\\Desktop\\SGUnited\\Week 8\\covid19-tracker-app-express\\middleware\\protectRoute.js","statementMap":{"0":{"start":{"line":1,"column":12},"end":{"line":1,"column":35}},"1":{"start":{"line":3,"column":21},"end":{"line":15,"column":3}},"2":{"start":{"line":4,"column":4},"end":{"line":14,"column":5}},"3":{"start":{"line":5,"column":6},"end":{"line":10,"column":7}},"4":{"start":{"line":6,"column":8},"end":{"line":6,"column":50}},"5":{"start":{"line":8,"column":8},"end":{"line":8,"column":77}},"6":{"start":{"line":9,"column":8},"end":{"line":9,"column":15}},"7":{"start":{"line":12,"column":6},"end":{"line":12,"column":27}},"8":{"start":{"line":13,"column":6},"end":{"line":13,"column":16}},"9":{"start":{"line":17,"column":0},"end":{"line":17,"column":30}}},"fnMap":{"0":{"name":"(anonymous_0)","decl":{"start":{"line":3,"column":21},"end":{"line":3,"column":22}},"loc":{"start":{"line":3,"column":41},"end":{"line":15,"column":3}},"line":3}},"branchMap":{"0":{"loc":{"start":{"line":5,"column":6},"end":{"line":10,"column":7}},"type":"if","locations":[{"start":{"line":5,"column":6},"end":{"line":10,"column":7}},{"start":{"line":5,"column":6},"end":{"line":10,"column":7}}],"line":5}},"s":{"0":3,"1":3,"2":7,"3":7,"4":3,"5":4,"6":4,"7":3,"8":3,"9":3},"f":{"0":7},"b":{"0":[3,4]},"_coverageSchema":"1a1c01bbd47fc00a2c39e90264f33305004495a9","hash":"adb53c95be578d0b90fe47354da92fcb98dabd11"}
,"C:\\Users\\TheWanderlustBoy93\\Desktop\\SGUnited\\Week 8\\covid19-tracker-app-express\\src\\app.js": {"path":"C:\\Users\\TheWanderlustBoy93\\Desktop\\SGUnited\\Week 8\\covid19-tracker-app-express\\src\\app.js","statementMap":{"0":{"start":{"line":1,"column":16},"end":{"line":1,"column":34}},"1":{"start":{"line":2,"column":12},"end":{"line":2,"column":21}},"2":{"start":{"line":3,"column":0},"end":{"line":3,"column":24}},"3":{"start":{"line":4,"column":21},"end":{"line":4,"column":45}},"4":{"start":{"line":5,"column":0},"end":{"line":5,"column":24}},"5":{"start":{"line":6,"column":0},"end":{"line":6,"column":27}},"6":{"start":{"line":8,"column":13},"end":{"line":8,"column":28}},"7":{"start":{"line":10,"column":18},"end":{"line":13,"column":1}},"8":{"start":{"line":15,"column":0},"end":{"line":15,"column":27}},"9":{"start":{"line":17,"column":19},"end":{"line":17,"column":51}},"10":{"start":{"line":18,"column":22},"end":{"line":18,"column":57}},"11":{"start":{"line":19,"column":20},"end":{"line":19,"column":52}},"12":{"start":{"line":21,"column":0},"end":{"line":21,"column":30}},"13":{"start":{"line":22,"column":0},"end":{"line":22,"column":36}},"14":{"start":{"line":23,"column":0},"end":{"line":23,"column":31}},"15":{"start":{"line":26,"column":0},"end":{"line":29,"column":5}},"16":{"start":{"line":27,"column":4},"end":{"line":27,"column":43}},"17":{"start":{"line":28,"column":4},"end":{"line":28,"column":49}},"18":{"start":{"line":31,"column":0},"end":{"line":31,"column":21}}},"fnMap":{"0":{"name":"(anonymous_0)","decl":{"start":{"line":26,"column":8},"end":{"line":26,"column":9}},"loc":{"start":{"line":26,"column":33},"end":{"line":29,"column":3}},"line":26}},"branchMap":{"0":{"loc":{"start":{"line":27,"column":21},"end":{"line":27,"column":42}},"type":"binary-expr","locations":[{"start":{"line":27,"column":21},"end":{"line":27,"column":35}},{"start":{"line":27,"column":39},"end":{"line":27,"column":42}}],"line":27}},"s":{"0":3,"1":3,"2":3,"3":3,"4":3,"5":3,"6":3,"7":3,"8":3,"9":3,"10":3,"11":3,"12":3,"13":3,"14":3,"15":3,"16":9,"17":9,"18":3},"f":{"0":9},"b":{"0":[9,5]},"_coverageSchema":"1a1c01bbd47fc00a2c39e90264f33305004495a9","hash":"f81f462248f9de7621ded0b48543a5ca1b70dcef"}
,"C:\\Users\\TheWanderlustBoy93\\Desktop\\SGUnited\\Week 8\\covid19-tracker-app-express\\src\\config\\jwt.js": {"path":"C:\\Users\\TheWanderlustBoy93\\Desktop\\SGUnited\\Week 8\\covid19-tracker-app-express\\src\\config\\jwt.js","statementMap":{"0":{"start":{"line":1,"column":10},"end":{"line":1,"column":33}},"1":{"start":{"line":3,"column":21},"end":{"line":9,"column":1}},"2":{"start":{"line":4,"column":17},"end":{"line":4,"column":43}},"3":{"start":{"line":5,"column":2},"end":{"line":7,"column":3}},"4":{"start":{"line":6,"column":4},"end":{"line":6,"column":57}},"5":{"start":{"line":8,"column":2},"end":{"line":8,"column":16}},"6":{"start":{"line":12,"column":23},"end":{"line":22,"column":1}},"7":{"start":{"line":13,"column":16},"end":{"line":13,"column":26}},"8":{"start":{"line":14,"column":14},"end":{"line":14,"column":29}},"9":{"start":{"line":16,"column":17},"end":{"line":16,"column":31}},"10":{"start":{"line":17,"column":2},"end":{"line":17,"column":36}},"11":{"start":{"line":19,"column":18},"end":{"line":19,"column":73}},"12":{"start":{"line":20,"column":16},"end":{"line":20,"column":41}},"13":{"start":{"line":21,"column":2},"end":{"line":21,"column":15}},"14":{"start":{"line":24,"column":0},"end":{"line":24,"column":32}}},"fnMap":{"0":{"name":"(anonymous_0)","decl":{"start":{"line":3,"column":21},"end":{"line":3,"column":22}},"loc":{"start":{"line":3,"column":27},"end":{"line":9,"column":1}},"line":3},"1":{"name":"(anonymous_1)","decl":{"start":{"line":12,"column":23},"end":{"line":12,"column":24}},"loc":{"start":{"line":12,"column":37},"end":{"line":22,"column":1}},"line":12}},"branchMap":{"0":{"loc":{"start":{"line":5,"column":2},"end":{"line":7,"column":3}},"type":"if","locations":[{"start":{"line":5,"column":2},"end":{"line":7,"column":3}},{"start":{"line":5,"column":2},"end":{"line":7,"column":3}}],"line":5}},"s":{"0":3,"1":3,"2":13,"3":13,"4":0,"5":13,"6":3,"7":13,"8":13,"9":13,"10":13,"11":13,"12":13,"13":13,"14":3},"f":{"0":13,"1":13},"b":{"0":[0,13]},"_coverageSchema":"1a1c01bbd47fc00a2c39e90264f33305004495a9","hash":"8efb5d919c36527ca39bd50d4ef9fa8203cc0e18"}
,"C:\\Users\\TheWanderlustBoy93\\Desktop\\SGUnited\\Week 8\\covid19-tracker-app-express\\src\\models\\about.model.js": {"path":"C:\\Users\\TheWanderlustBoy93\\Desktop\\SGUnited\\Week 8\\covid19-tracker-app-express\\src\\models\\about.model.js","statementMap":{"0":{"start":{"line":2,"column":17},"end":{"line":2,"column":36}},"1":{"start":{"line":4,"column":20},"end":{"line":30,"column":2}},"2":{"start":{"line":32,"column":14},"end":{"line":32,"column":50}},"3":{"start":{"line":34,"column":0},"end":{"line":34,"column":23}}},"fnMap":{},"branchMap":{},"s":{"0":3,"1":3,"2":3,"3":3},"f":{},"b":{},"_coverageSchema":"1a1c01bbd47fc00a2c39e90264f33305004495a9","hash":"b73b459751a55d8776fe70bb1ee0c3937869c475"}
,"C:\\Users\\TheWanderlustBoy93\\Desktop\\SGUnited\\Week 8\\covid19-tracker-app-express\\src\\models\\article.model.js": {"path":"C:\\Users\\TheWanderlustBoy93\\Desktop\\SGUnited\\Week 8\\covid19-tracker-app-express\\src\\models\\article.model.js","statementMap":{"0":{"start":{"line":2,"column":17},"end":{"line":2,"column":36}},"1":{"start":{"line":4,"column":22},"end":{"line":18,"column":2}},"2":{"start":{"line":20,"column":16},"end":{"line":20,"column":56}},"3":{"start":{"line":22,"column":0},"end":{"line":22,"column":25}}},"fnMap":{},"branchMap":{},"s":{"0":3,"1":3,"2":3,"3":3},"f":{},"b":{},"_coverageSchema":"1a1c01bbd47fc00a2c39e90264f33305004495a9","hash":"aae4a87e0d9a226894c94dfc3b5dc71bfe01d5ae"}
,"C:\\Users\\TheWanderlustBoy93\\Desktop\\SGUnited\\Week 8\\covid19-tracker-app-express\\src\\models\\user.model.js": {"path":"C:\\Users\\TheWanderlustBoy93\\Desktop\\SGUnited\\Week 8\\covid19-tracker-app-express\\src\\models\\user.model.js","statementMap":{"0":{"start":{"line":2,"column":17},"end":{"line":2,"column":36}},"1":{"start":{"line":3,"column":15},"end":{"line":3,"column":34}},"2":{"start":{"line":5,"column":19},"end":{"line":18,"column":2}},"3":{"start":{"line":20,"column":0},"end":{"line":25,"column":3}},"4":{"start":{"line":21,"column":2},"end":{"line":24,"column":3}},"5":{"start":{"line":22,"column":19},"end":{"line":22,"column":21}},"6":{"start":{"line":23,"column":4},"end":{"line":23,"column":61}},"7":{"start":{"line":27,"column":13},"end":{"line":27,"column":47}},"8":{"start":{"line":29,"column":0},"end":{"line":29,"column":22}}},"fnMap":{"0":{"name":"(anonymous_0)","decl":{"start":{"line":20,"column":23},"end":{"line":20,"column":24}},"loc":{"start":{"line":20,"column":41},"end":{"line":25,"column":1}},"line":20}},"branchMap":{"0":{"loc":{"start":{"line":21,"column":2},"end":{"line":24,"column":3}},"type":"if","locations":[{"start":{"line":21,"column":2},"end":{"line":24,"column":3}},{"start":{"line":21,"column":2},"end":{"line":24,"column":3}}],"line":21}},"s":{"0":3,"1":3,"2":3,"3":3,"4":20,"5":20,"6":20,"7":3,"8":3},"f":{"0":20},"b":{"0":[20,0]},"_coverageSchema":"1a1c01bbd47fc00a2c39e90264f33305004495a9","hash":"bac14c3d9720739e84bf8a16bba9b354152662c3"}
,"C:\\Users\\TheWanderlustBoy93\\Desktop\\SGUnited\\Week 8\\covid19-tracker-app-express\\src\\routes\\about.routes.js": {"path":"C:\\Users\\TheWanderlustBoy93\\Desktop\\SGUnited\\Week 8\\covid19-tracker-app-express\\src\\routes\\about.routes.js","statementMap":{"0":{"start":{"line":1,"column":16},"end":{"line":1,"column":34}},"1":{"start":{"line":2,"column":15},"end":{"line":2,"column":31}},"2":{"start":{"line":3,"column":14},"end":{"line":3,"column":46}},"3":{"start":{"line":5,"column":0},"end":{"line":12,"column":3}},"4":{"start":{"line":6,"column":4},"end":{"line":11,"column":5}},"5":{"start":{"line":7,"column":20},"end":{"line":7,"column":40}},"6":{"start":{"line":8,"column":6},"end":{"line":8,"column":33}},"7":{"start":{"line":10,"column":8},"end":{"line":10,"column":19}},"8":{"start":{"line":14,"column":0},"end":{"line":14,"column":24}}},"fnMap":{"0":{"name":"(anonymous_0)","decl":{"start":{"line":5,"column":16},"end":{"line":5,"column":17}},"loc":{"start":{"line":5,"column":42},"end":{"line":12,"column":1}},"line":5}},"branchMap":{},"s":{"0":3,"1":3,"2":3,"3":3,"4":1,"5":1,"6":1,"7":0,"8":3},"f":{"0":1},"b":{},"_coverageSchema":"1a1c01bbd47fc00a2c39e90264f33305004495a9","hash":"7520cab1dc1f39c509283548aa54f30dac271847"}
,"C:\\Users\\TheWanderlustBoy93\\Desktop\\SGUnited\\Week 8\\covid19-tracker-app-express\\src\\routes\\articles.routes.js": {"path":"C:\\Users\\TheWanderlustBoy93\\Desktop\\SGUnited\\Week 8\\covid19-tracker-app-express\\src\\routes\\articles.routes.js","statementMap":{"0":{"start":{"line":1,"column":16},"end":{"line":1,"column":34}},"1":{"start":{"line":2,"column":15},"end":{"line":2,"column":31}},"2":{"start":{"line":3,"column":16},"end":{"line":3,"column":50}},"3":{"start":{"line":4,"column":21},"end":{"line":4,"column":61}},"4":{"start":{"line":5,"column":15},"end":{"line":5,"column":32}},"5":{"start":{"line":8,"column":16},"end":{"line":15,"column":2}},"6":{"start":{"line":10,"column":8},"end":{"line":10,"column":35}},"7":{"start":{"line":13,"column":8},"end":{"line":13,"column":42}},"8":{"start":{"line":17,"column":19},"end":{"line":24,"column":1}},"9":{"start":{"line":18,"column":29},"end":{"line":18,"column":69}},"10":{"start":{"line":19,"column":4},"end":{"line":23,"column":5}},"11":{"start":{"line":20,"column":8},"end":{"line":20,"column":29}},"12":{"start":{"line":22,"column":8},"end":{"line":22,"column":30}},"13":{"start":{"line":26,"column":13},"end":{"line":26,"column":44}},"14":{"start":{"line":29,"column":0},"end":{"line":37,"column":4}},"15":{"start":{"line":30,"column":4},"end":{"line":36,"column":5}},"16":{"start":{"line":31,"column":32},"end":{"line":31,"column":69}},"17":{"start":{"line":32,"column":8},"end":{"line":32,"column":38}},"18":{"start":{"line":33,"column":8},"end":{"line":33,"column":15}},"19":{"start":{"line":35,"column":8},"end":{"line":35,"column":18}},"20":{"start":{"line":40,"column":0},"end":{"line":47,"column":3}},"21":{"start":{"line":41,"column":4},"end":{"line":46,"column":5}},"22":{"start":{"line":42,"column":23},"end":{"line":42,"column":45}},"23":{"start":{"line":43,"column":6},"end":{"line":43,"column":36}},"24":{"start":{"line":45,"column":8},"end":{"line":45,"column":17}},"25":{"start":{"line":49,"column":0},"end":{"line":55,"column":3}},"26":{"start":{"line":50,"column":4},"end":{"line":54,"column":5}},"27":{"start":{"line":51,"column":8},"end":{"line":51,"column":42}},"28":{"start":{"line":53,"column":8},"end":{"line":53,"column":17}},"29":{"start":{"line":59,"column":0},"end":{"line":80,"column":3}},"30":{"start":{"line":60,"column":23},"end":{"line":64,"column":5}},"31":{"start":{"line":66,"column":24},"end":{"line":66,"column":38}},"32":{"start":{"line":68,"column":4},"end":{"line":70,"column":5}},"33":{"start":{"line":69,"column":8},"end":{"line":69,"column":57}},"34":{"start":{"line":72,"column":4},"end":{"line":79,"column":5}},"35":{"start":{"line":73,"column":8},"end":{"line":73,"column":29}},"36":{"start":{"line":74,"column":24},"end":{"line":74,"column":49}},"37":{"start":{"line":75,"column":27},"end":{"line":75,"column":47}},"38":{"start":{"line":76,"column":8},"end":{"line":76,"column":52}},"39":{"start":{"line":78,"column":8},"end":{"line":78,"column":17}},"40":{"start":{"line":82,"column":0},"end":{"line":89,"column":3}},"41":{"start":{"line":83,"column":4},"end":{"line":88,"column":5}},"42":{"start":{"line":84,"column":24},"end":{"line":84,"column":115}},"43":{"start":{"line":85,"column":8},"end":{"line":85,"column":38}},"44":{"start":{"line":87,"column":8},"end":{"line":87,"column":18}},"45":{"start":{"line":91,"column":0},"end":{"line":99,"column":3}},"46":{"start":{"line":92,"column":4},"end":{"line":97,"column":5}},"47":{"start":{"line":93,"column":6},"end":{"line":93,"column":54}},"48":{"start":{"line":94,"column":6},"end":{"line":94,"column":40}},"49":{"start":{"line":96,"column":8},"end":{"line":96,"column":17}},"50":{"start":{"line":101,"column":0},"end":{"line":101,"column":24}}},"fnMap":{"0":{"name":"(anonymous_0)","decl":{"start":{"line":9,"column":17},"end":{"line":9,"column":18}},"loc":{"start":{"line":9,"column":47},"end":{"line":11,"column":5}},"line":9},"1":{"name":"(anonymous_1)","decl":{"start":{"line":12,"column":14},"end":{"line":12,"column":15}},"loc":{"start":{"line":12,"column":44},"end":{"line":14,"column":5}},"line":12},"2":{"name":"(anonymous_2)","decl":{"start":{"line":17,"column":19},"end":{"line":17,"column":20}},"loc":{"start":{"line":17,"column":44},"end":{"line":24,"column":1}},"line":17},"3":{"name":"(anonymous_3)","decl":{"start":{"line":29,"column":19},"end":{"line":29,"column":20}},"loc":{"start":{"line":29,"column":49},"end":{"line":37,"column":3}},"line":29},"4":{"name":"(anonymous_4)","decl":{"start":{"line":40,"column":16},"end":{"line":40,"column":17}},"loc":{"start":{"line":40,"column":42},"end":{"line":47,"column":1}},"line":40},"5":{"name":"(anonymous_5)","decl":{"start":{"line":49,"column":19},"end":{"line":49,"column":20}},"loc":{"start":{"line":49,"column":45},"end":{"line":55,"column":1}},"line":49},"6":{"name":"(anonymous_6)","decl":{"start":{"line":59,"column":64},"end":{"line":59,"column":65}},"loc":{"start":{"line":59,"column":90},"end":{"line":80,"column":1}},"line":59},"7":{"name":"(anonymous_7)","decl":{"start":{"line":82,"column":33},"end":{"line":82,"column":34}},"loc":{"start":{"line":82,"column":59},"end":{"line":89,"column":1}},"line":82},"8":{"name":"(anonymous_8)","decl":{"start":{"line":91,"column":36},"end":{"line":91,"column":37}},"loc":{"start":{"line":91,"column":62},"end":{"line":99,"column":1}},"line":91}},"branchMap":{"0":{"loc":{"start":{"line":19,"column":4},"end":{"line":23,"column":5}},"type":"if","locations":[{"start":{"line":19,"column":4},"end":{"line":23,"column":5}},{"start":{"line":19,"column":4},"end":{"line":23,"column":5}}],"line":19},"1":{"loc":{"start":{"line":68,"column":4},"end":{"line":70,"column":5}},"type":"if","locations":[{"start":{"line":68,"column":4},"end":{"line":70,"column":5}},{"start":{"line":68,"column":4},"end":{"line":70,"column":5}}],"line":68}},"s":{"0":3,"1":3,"2":3,"3":3,"4":3,"5":3,"6":0,"7":0,"8":3,"9":0,"10":0,"11":0,"12":0,"13":3,"14":3,"15":8,"16":8,"17":5,"18":5,"19":3,"20":3,"21":1,"22":1,"23":1,"24":0,"25":3,"26":1,"27":1,"28":0,"29":3,"30":2,"31":2,"32":2,"33":0,"34":2,"35":2,"36":2,"37":2,"38":1,"39":1,"40":3,"41":1,"42":1,"43":1,"44":0,"45":3,"46":1,"47":1,"48":1,"49":0,"50":3},"f":{"0":0,"1":0,"2":0,"3":8,"4":1,"5":1,"6":2,"7":1,"8":1},"b":{"0":[0,0],"1":[0,2]},"_coverageSchema":"1a1c01bbd47fc00a2c39e90264f33305004495a9","hash":"8e3cfd0375ef551c957a56298f904dbafd2c8842"}
,"C:\\Users\\TheWanderlustBoy93\\Desktop\\SGUnited\\Week 8\\covid19-tracker-app-express\\src\\routes\\users.routes.js": {"path":"C:\\Users\\TheWanderlustBoy93\\Desktop\\SGUnited\\Week 8\\covid19-tracker-app-express\\src\\routes\\users.routes.js","statementMap":{"0":{"start":{"line":1,"column":16},"end":{"line":1,"column":34}},"1":{"start":{"line":2,"column":15},"end":{"line":2,"column":31}},"2":{"start":{"line":3,"column":13},"end":{"line":3,"column":44}},"3":{"start":{"line":4,"column":15},"end":{"line":4,"column":34}},"4":{"start":{"line":5,"column":23},"end":{"line":5,"column":47}},"5":{"start":{"line":18,"column":0},"end":{"line":49,"column":3}},"6":{"start":{"line":19,"column":2},"end":{"line":48,"column":3}},"7":{"start":{"line":20,"column":35},"end":{"line":20,"column":43}},"8":{"start":{"line":21,"column":17},"end":{"line":21,"column":49}},"9":{"start":{"line":22,"column":19},"end":{"line":22,"column":64}},"10":{"start":{"line":24,"column":4},"end":{"line":26,"column":5}},"11":{"start":{"line":25,"column":6},"end":{"line":25,"column":55}},"12":{"start":{"line":28,"column":18},"end":{"line":28,"column":47}},"13":{"start":{"line":30,"column":19},"end":{"line":30,"column":38}},"14":{"start":{"line":31,"column":20},"end":{"line":31,"column":30}},"15":{"start":{"line":32,"column":23},"end":{"line":32,"column":53}},"16":{"start":{"line":34,"column":4},"end":{"line":40,"column":7}},"17":{"start":{"line":42,"column":4},"end":{"line":42,"column":47}},"18":{"start":{"line":44,"column":4},"end":{"line":46,"column":5}},"19":{"start":{"line":45,"column":6},"end":{"line":45,"column":27}},"20":{"start":{"line":47,"column":4},"end":{"line":47,"column":14}},"21":{"start":{"line":51,"column":0},"end":{"line":57,"column":3}},"22":{"start":{"line":56,"column":2},"end":{"line":56,"column":112}},"23":{"start":{"line":59,"column":0},"end":{"line":59,"column":24}}},"fnMap":{"0":{"name":"(anonymous_0)","decl":{"start":{"line":18,"column":22},"end":{"line":18,"column":23}},"loc":{"start":{"line":18,"column":48},"end":{"line":49,"column":1}},"line":18},"1":{"name":"(anonymous_1)","decl":{"start":{"line":51,"column":23},"end":{"line":51,"column":24}},"loc":{"start":{"line":51,"column":37},"end":{"line":57,"column":1}},"line":51}},"branchMap":{"0":{"loc":{"start":{"line":24,"column":4},"end":{"line":26,"column":5}},"type":"if","locations":[{"start":{"line":24,"column":4},"end":{"line":26,"column":5}},{"start":{"line":24,"column":4},"end":{"line":26,"column":5}}],"line":24},"1":{"loc":{"start":{"line":44,"column":4},"end":{"line":46,"column":5}},"type":"if","locations":[{"start":{"line":44,"column":4},"end":{"line":46,"column":5}},{"start":{"line":44,"column":4},"end":{"line":46,"column":5}}],"line":44}},"s":{"0":3,"1":3,"2":3,"3":3,"4":3,"5":3,"6":3,"7":3,"8":3,"9":3,"10":2,"11":1,"12":1,"13":1,"14":1,"15":1,"16":1,"17":1,"18":2,"19":1,"20":2,"21":3,"22":1,"23":3},"f":{"0":3,"1":1},"b":{"0":[1,1],"1":[1,1]},"_coverageSchema":"1a1c01bbd47fc00a2c39e90264f33305004495a9","hash":"124247b6fe46eccafa6f1ea3b676a039193d6fc3"}
,"C:\\Users\\TheWanderlustBoy93\\Desktop\\SGUnited\\Week 8\\covid19-tracker-app-express\\test\\dbHandler.js": {"path":"C:\\Users\\TheWanderlustBoy93\\Desktop\\SGUnited\\Week 8\\covid19-tracker-app-express\\test\\dbHandler.js","statementMap":{"0":{"start":{"line":1,"column":17},"end":{"line":1,"column":36}},"1":{"start":{"line":2,"column":30},"end":{"line":2,"column":62}},"2":{"start":{"line":4,"column":15},"end":{"line":4,"column":38}},"3":{"start":{"line":6,"column":0},"end":{"line":17,"column":2}},"4":{"start":{"line":7,"column":14},"end":{"line":7,"column":35}},"5":{"start":{"line":9,"column":23},"end":{"line":14,"column":3}},"6":{"start":{"line":16,"column":2},"end":{"line":16,"column":44}},"7":{"start":{"line":19,"column":0},"end":{"line":23,"column":2}},"8":{"start":{"line":20,"column":2},"end":{"line":20,"column":43}},"9":{"start":{"line":21,"column":2},"end":{"line":21,"column":36}},"10":{"start":{"line":22,"column":2},"end":{"line":22,"column":22}},"11":{"start":{"line":25,"column":0},"end":{"line":32,"column":2}},"12":{"start":{"line":26,"column":22},"end":{"line":26,"column":53}},"13":{"start":{"line":28,"column":2},"end":{"line":31,"column":3}},"14":{"start":{"line":29,"column":23},"end":{"line":29,"column":39}},"15":{"start":{"line":30,"column":4},"end":{"line":30,"column":34}}},"fnMap":{"0":{"name":"(anonymous_0)","decl":{"start":{"line":6,"column":25},"end":{"line":6,"column":26}},"loc":{"start":{"line":6,"column":37},"end":{"line":17,"column":1}},"line":6},"1":{"name":"(anonymous_1)","decl":{"start":{"line":19,"column":31},"end":{"line":19,"column":32}},"loc":{"start":{"line":19,"column":43},"end":{"line":23,"column":1}},"line":19},"2":{"name":"(anonymous_2)","decl":{"start":{"line":25,"column":31},"end":{"line":25,"column":32}},"loc":{"start":{"line":25,"column":43},"end":{"line":32,"column":1}},"line":25}},"branchMap":{},"s":{"0":3,"1":3,"2":3,"3":3,"4":3,"5":3,"6":3,"7":3,"8":3,"9":3,"10":3,"11":3,"12":17,"13":17,"14":51,"15":51},"f":{"0":3,"1":3,"2":17},"b":{},"_coverageSchema":"1a1c01bbd47fc00a2c39e90264f33305004495a9","hash":"ddde0540f055b1eb85681f8126a2b6aab76f4662"}
}
