TN:
SF:middleware\protectRoute.js
FN:3,(anonymous_0)
FNF:1
FNH:1
FNDA:7,(anonymous_0)
DA:1,3
DA:3,3
DA:4,7
DA:5,7
DA:6,3
DA:8,4
DA:9,4
DA:12,3
DA:13,3
DA:17,3
LF:10
LH:10
BRDA:5,0,0,3
BRDA:5,0,1,4
BRF:2
BRH:2
end_of_record
TN:
SF:src\app.js
FN:26,(anonymous_0)
FNF:1
FNH:1
FNDA:9,(anonymous_0)
DA:1,3
DA:2,3
DA:3,3
DA:4,3
DA:5,3
DA:6,3
DA:8,3
DA:10,3
DA:15,3
DA:17,3
DA:18,3
DA:19,3
DA:21,3
DA:22,3
DA:23,3
DA:26,3
DA:27,9
DA:28,9
DA:31,3
LF:19
LH:19
BRDA:27,0,0,9
BRDA:27,0,1,5
BRF:2
BRH:2
end_of_record
TN:
SF:src\config\jwt.js
FN:3,(anonymous_0)
FN:12,(anonymous_1)
FNF:2
FNH:2
FNDA:13,(anonymous_0)
FNDA:13,(anonymous_1)
DA:1,3
DA:3,3
DA:4,13
DA:5,13
DA:6,0
DA:8,13
DA:12,3
DA:13,13
DA:14,13
DA:16,13
DA:17,13
DA:19,13
DA:20,13
DA:21,13
DA:24,3
LF:15
LH:14
BRDA:5,0,0,0
BRDA:5,0,1,13
BRF:2
BRH:1
end_of_record
TN:
SF:src\models\about.model.js
FNF:0
FNH:0
DA:2,3
DA:4,3
DA:32,3
DA:34,3
LF:4
LH:4
BRF:0
BRH:0
end_of_record
TN:
SF:src\models\article.model.js
FNF:0
FNH:0
DA:2,3
DA:4,3
DA:20,3
DA:22,3
LF:4
LH:4
BRF:0
BRH:0
end_of_record
TN:
SF:src\models\user.model.js
FN:20,(anonymous_0)
FNF:1
FNH:1
FNDA:20,(anonymous_0)
DA:2,3
DA:3,3
DA:5,3
DA:20,3
DA:21,20
DA:22,20
DA:23,20
DA:27,3
DA:29,3
LF:9
LH:9
BRDA:21,0,0,20
BRDA:21,0,1,0
BRF:2
BRH:1
end_of_record
TN:
SF:src\routes\about.routes.js
FN:5,(anonymous_0)
FNF:1
FNH:1
FNDA:1,(anonymous_0)
DA:1,3
DA:2,3
DA:3,3
DA:5,3
DA:6,1
DA:7,1
DA:8,1
DA:10,0
DA:14,3
LF:9
LH:8
BRF:0
BRH:0
end_of_record
TN:
SF:src\routes\articles.routes.js
FN:9,(anonymous_0)
FN:12,(anonymous_1)
FN:17,(anonymous_2)
FN:29,(anonymous_3)
FN:40,(anonymous_4)
FN:49,(anonymous_5)
FN:59,(anonymous_6)
FN:82,(anonymous_7)
FN:91,(anonymous_8)
FNF:9
FNH:6
FNDA:0,(anonymous_0)
FNDA:0,(anonymous_1)
FNDA:0,(anonymous_2)
FNDA:8,(anonymous_3)
FNDA:1,(anonymous_4)
FNDA:1,(anonymous_5)
FNDA:2,(anonymous_6)
FNDA:1,(anonymous_7)
FNDA:1,(anonymous_8)
DA:1,3
DA:2,3
DA:3,3
DA:4,3
DA:5,3
DA:8,3
DA:10,0
DA:13,0
DA:17,3
DA:18,0
DA:19,0
DA:20,0
DA:22,0
DA:26,3
DA:29,3
DA:30,8
DA:31,8
DA:32,5
DA:33,5
DA:35,3
DA:40,3
DA:41,1
DA:42,1
DA:43,1
DA:45,0
DA:49,3
DA:50,1
DA:51,1
DA:53,0
DA:59,3
DA:60,2
DA:66,2
DA:68,2
DA:69,0
DA:72,2
DA:73,2
DA:74,2
DA:75,2
DA:76,1
DA:78,1
DA:82,3
DA:83,1
DA:84,1
DA:85,1
DA:87,0
DA:91,3
DA:92,1
DA:93,1
DA:94,1
DA:96,0
DA:101,3
LF:51
LH:40
BRDA:19,0,0,0
BRDA:19,0,1,0
BRDA:68,1,0,0
BRDA:68,1,1,2
BRF:4
BRH:1
end_of_record
TN:
SF:src\routes\users.routes.js
FN:18,(anonymous_0)
FN:51,(anonymous_1)
FNF:2
FNH:2
FNDA:3,(anonymous_0)
FNDA:1,(anonymous_1)
DA:1,3
DA:2,3
DA:3,3
DA:4,3
DA:5,3
DA:18,3
DA:19,3
DA:20,3
DA:21,3
DA:22,3
DA:24,2
DA:25,1
DA:28,1
DA:30,1
DA:31,1
DA:32,1
DA:34,1
DA:42,1
DA:44,2
DA:45,1
DA:47,2
DA:51,3
DA:56,1
DA:59,3
LF:24
LH:24
BRDA:24,0,0,1
BRDA:24,0,1,1
BRDA:44,1,0,1
BRDA:44,1,1,1
BRF:4
BRH:4
end_of_record
TN:
SF:test\dbHandler.js
FN:6,(anonymous_0)
FN:19,(anonymous_1)
FN:25,(anonymous_2)
FNF:3
FNH:3
FNDA:3,(anonymous_0)
FNDA:3,(anonymous_1)
FNDA:17,(anonymous_2)
DA:1,3
DA:2,3
DA:4,3
DA:6,3
DA:7,3
DA:9,3
DA:16,3
DA:19,3
DA:20,3
DA:21,3
DA:22,3
DA:25,3
DA:26,17
DA:28,17
DA:29,51
DA:30,51
LF:16
LH:16
BRF:0
BRH:0
end_of_record
